C51 COMPILER V9.51   CLK                                                                   06/14/2018 13:27:08 PAGE 1   


C51 COMPILER V9.51, COMPILATION OF MODULE CLK
OBJECT MODULE PLACED IN clk.OBJ
COMPILER INVOKED BY: d:\Keil\C51\BIN\C51.EXE clk.c BROWSE DEBUG OBJECTEXTEND TABS(2)

line level    source

   1          #include <reg51.h>
   2          #define uint unsigned int
   3          #define uchar unsigned char
   4          sbit S1 = P1^3;
   5          sbit S2 = P1^2;
   6          sbit S3 = P1^1;
   7          sbit S4 = P1^0;
   8          sbit a = P0^0;
   9          sbit b = P0^1;
  10          sbit c = P0^2;
  11          sbit d = P0^3;
  12          sbit e = P0^4;
  13          sbit f = P0^5;
  14          sbit g = P0^6;
  15          sbit p = P0^7;
  16          sbit key1 = P3^4;
  17          sbit key2 = P3^5;
  18          sbit ledm = P2^0;
  19          uchar num,kms,sec,min;
  20          uchar code N[10] = {0xc0, 0xf9 ,0xa4, 0xb0, 0x99, 0x92, 0x82, 0xf8, 0x80, 0x90}; //0, 1, 2, 3, ...8, 9
  21          uchar code Z[10] = {0x40, 0x79 ,0x24, 0x30, 0x19, 0x12, 0x02, 0x78, 0x00, 0x10}; //0., 1., 2., ... 8., 9.
  22          
  23          void delayms(uint xms)
  24          {
  25   1        uint i,j;
  26   1        for(i = xms; i > 0; i--)
  27   1          for(j = 110; j > 0; j--);
  28   1      }
  29          
  30          void init()
  31          {
  32   1        TMOD = 0x01;
  33   1        TL0 = 0x00;   
  34   1        TH0 = 0x4C;   
  35   1        S3 = 1;
  36   1        S1 = S2 = S4 = 0;
  37   1        P0 = N[0];
  38   1        delayms(5);
  39   1      
  40   1        S3 = 0;
  41   1        S1 = S2 = S4 = 1;
  42   1        P0 = Z[0];
  43   1        delayms(5);
  44   1      
  45   1        EA = 1;
  46   1        TR0 = 0;
  47   1        ET0 = 1;  
  48   1        kms = sec = min = 0;
  49   1      }
  50          
  51          void display()
  52          {
  53   1        uchar shi, ge;
  54   1        if(kms >= 0)
  55   1        {
C51 COMPILER V9.51   CLK                                                                   06/14/2018 13:27:08 PAGE 2   

  56   2          S4 = 1;
  57   2          S1 = S2 = S3 = 0;
  58   2          P0 = N[kms];
  59   2        }
  60   1        delayms(5);
  61   1        if(sec >= 0)
  62   1        {
  63   2          shi = sec/10;
  64   2          ge = sec%10;
  65   2      
  66   2          S3 = 1;
  67   2          S1 = S2 = S4 = 0;
  68   2          P0 = Z[ge];
  69   2          delayms(5);
  70   2      
  71   2          S2 = 1;
  72   2          S1 = S3 = S4 = 0;
  73   2          P0 = N[shi];
  74   2        }
  75   1        delayms(5);
  76   1        if(min >= 0)
  77   1        {
  78   2          S1 = 1;
  79   2          S2 = S3 = S4 = 0;
  80   2          P0 = Z[min];
  81   2        }
  82   1        delayms(5);
  83   1      }
  84          
  85          void keyscan()
  86          {
  87   1        if(key1 == 0)
  88   1        {
  89   2          delayms(10);
  90   2          if(key1 == 0)
  91   2          {
  92   3            while(!key1);
  93   3            TR0 = ~TR0;
  94   3          }
  95   2        }
  96   1        if(key2 == 0)
  97   1        {
  98   2          delayms(10);
  99   2          if(key2 == 0)
 100   2          {
 101   3            min = sec = kms = 0;
 102   3            while(!key1);
 103   3          }
 104   2        }
 105   1      }
 106          main()
 107          {
 108   1        init();
 109   1        while(1)
 110   1        {
 111   2          keyscan();
 112   2          display();
 113   2        }
 114   1      }
 115          void T0_time() interrupt 1
 116          {
 117   1        TL0 = 0x00;   
C51 COMPILER V9.51   CLK                                                                   06/14/2018 13:27:08 PAGE 3   

 118   1        TH0 = 0x4C;   
 119   1          num++;
 120   1        if(num == 2)
 121   1        {
 122   2          num = 0;
 123   2          kms++;
 124   2          ledm=1;
 125   2          if(kms == 10)
 126   2          {
 127   3            kms = 0;
 128   3            ledm=kms;
 129   3            sec++;
 130   3            if(sec == 60)
 131   3            {
 132   4              sec = 0;
 133   4              min++;
 134   4              if(min == 10)
 135   4              {
 136   5                TR0 = 0;
 137   5                min = 9;
 138   5                sec = 59;
 139   5                kms = 9;
 140   5              }
 141   4            }
 142   3          }
 143   2        }
 144   1      } 


MODULE INFORMATION:   STATIC OVERLAYABLE
   CODE SIZE        =    326    ----
   CONSTANT SIZE    =     20    ----
   XDATA SIZE       =   ----    ----
   PDATA SIZE       =   ----    ----
   DATA SIZE        =      4    ----
   IDATA SIZE       =   ----    ----
   BIT SIZE         =   ----    ----
END OF MODULE INFORMATION.


C51 COMPILATION COMPLETE.  0 WARNING(S),  0 ERROR(S)
